<?xml version="1.0" encoding="UTF-8"?>
<coverage generated="1765707996000" clover="3.2.0">
  <project timestamp="1765707996000" name="All files">
    <metrics statements="21" coveredstatements="19" conditionals="0" coveredconditionals="0" methods="4" coveredmethods="4" elements="25" coveredelements="23" complexity="0" loc="21" ncloc="21" packages="1" files="2" classes="2"/>
    <file name="ApiConnector.js" path="C:\Users\Khalid Alam\OneDrive\Desktop\MyProject\sweet_shop_management_system\testing\test\ApiConnector.js">
      <metrics statements="19" coveredstatements="17" conditionals="0" coveredconditionals="0" methods="4" coveredmethods="4"/>
      <line num="1" count="3" type="stmt"/>
      <line num="3" count="3" type="stmt"/>
      <line num="5" count="15" type="stmt"/>
      <line num="6" count="15" type="stmt"/>
      <line num="7" count="10" type="stmt"/>
      <line num="10" count="5" type="stmt"/>
      <line num="14" count="2" type="stmt"/>
      <line num="15" count="2" type="stmt"/>
      <line num="16" count="0" type="stmt"/>
      <line num="19" count="2" type="stmt"/>
      <line num="23" count="2" type="stmt"/>
      <line num="24" count="2" type="stmt"/>
      <line num="25" count="1" type="stmt"/>
      <line num="28" count="1" type="stmt"/>
      <line num="32" count="1" type="stmt"/>
      <line num="33" count="1" type="stmt"/>
      <line num="34" count="0" type="stmt"/>
      <line num="37" count="1" type="stmt"/>
      <line num="42" count="3" type="stmt"/>
    </file>
    <file name="backendURL.js" path="C:\Users\Khalid Alam\OneDrive\Desktop\MyProject\sweet_shop_management_system\testing\test\backendURL.js">
      <metrics statements="2" coveredstatements="2" conditionals="0" coveredconditionals="0" methods="0" coveredmethods="0"/>
      <line num="1" count="3" type="stmt"/>
      <line num="3" count="3" type="stmt"/>
    </file>
  </project>
</coverage>
