<?xml version="1.0" encoding="UTF-8"?>
<coverage generated="1765624100229" clover="3.2.0">
  <project timestamp="1765624100229" name="All files">
    <metrics statements="21" coveredstatements="18" conditionals="0" coveredconditionals="0" methods="4" coveredmethods="4" elements="25" coveredelements="22" complexity="0" loc="21" ncloc="21" packages="1" files="2" classes="2"/>
    <file name="ApiConnector.js" path="C:\Users\Khalid Alam\OneDrive\Desktop\MyProject\sweet_shop_management_system\testing\test\ApiConnector.js">
      <metrics statements="19" coveredstatements="16" conditionals="0" coveredconditionals="0" methods="4" coveredmethods="4"/>
      <line num="1" count="3" type="stmt"/>
      <line num="3" count="3" type="stmt"/>
      <line num="5" count="14" type="stmt"/>
      <line num="6" count="14" type="stmt"/>
      <line num="7" count="11" type="stmt"/>
      <line num="10" count="3" type="stmt"/>
      <line num="14" count="1" type="stmt"/>
      <line num="15" count="1" type="stmt"/>
      <line num="16" count="1" type="stmt"/>
      <line num="19" count="0" type="stmt"/>
      <line num="23" count="2" type="stmt"/>
      <line num="24" count="2" type="stmt"/>
      <line num="25" count="2" type="stmt"/>
      <line num="28" count="0" type="stmt"/>
      <line num="32" count="1" type="stmt"/>
      <line num="33" count="1" type="stmt"/>
      <line num="34" count="1" type="stmt"/>
      <line num="37" count="0" type="stmt"/>
      <line num="42" count="3" type="stmt"/>
    </file>
    <file name="backendURL.js" path="C:\Users\Khalid Alam\OneDrive\Desktop\MyProject\sweet_shop_management_system\testing\test\backendURL.js">
      <metrics statements="2" coveredstatements="2" conditionals="0" coveredconditionals="0" methods="0" coveredmethods="0"/>
      <line num="1" count="3" type="stmt"/>
      <line num="3" count="3" type="stmt"/>
    </file>
  </project>
</coverage>
